verbose - Object: Activating qiskit-vscode extension...
verbose - Object: ✨ Activating qiskit-vscode extension... ✨
info - Object: QConfig is not configured. The command won't be launched
verbose - Object: Clicked on other element! Redirecting to configuration anyway
verbose - Object: Deactivating Qiskit extension ...
verbose - Object: Activating qiskit-vscode extension...
verbose - Object: ✨ Activating qiskit-vscode extension... ✨
error - Object: /bin/sh: 1: python: not found

error - Object: /bin/sh: 1: python: not found

verbose - Object: Deactivating Qiskit extension ...
verbose - Object: Activating qiskit-vscode extension...
verbose - Object: ✨ Activating qiskit-vscode extension... ✨
verbose - Object: Activating qiskit-vscode extension...
verbose - Object: ✨ Activating qiskit-vscode extension... ✨
error - Object: Seems like there was a problem: Version >= 3.5 of package python is required
error - Object: Dependencies error: Version >= 3.5 of package python is required
verbose - Object: Deactivating Qiskit extension ...
verbose - Object: Activating qiskit-vscode extension...
verbose - Object: ✨ Activating qiskit-vscode extension... ✨
error - Object: Seems like there was a problem: Version >= 3.5 of package python is required
error - Object: Dependencies error: Version >= 3.5 of package python is required
verbose - Object: Deactivating Qiskit extension ...
